---
driver=<class 'textual.drivers.linux_driver.LinuxDriver'>
Load() >>> MyApp(title='Textual')
Mount() >>> MyApp(title='Assembler Output')
Mount() >>> DockView(name='DockView#1')
Mount() >>> Header('')
Mount() >>> ScrollView(name='ScrollView#1')
Mount() >>> ScrollView(name='ScrollView#1')
Mount() >>> ScrollView(name='ScrollView#2')
Mount() >>> ScrollView(name='ScrollView#2')
Mount() >>> ScrollView(name='ScrollView#3')
Mount() >>> ScrollView(name='ScrollView#3')
Mount() >>> ScrollView(name='ScrollView#4')
Mount() >>> ScrollView(name='ScrollView#4')
Mount() >>> WindowView(name='WindowView#1')
Mount() >>> WindowView(name='WindowView#2')
Mount() >>> WindowView(name='WindowView#3')
Mount() >>> WindowView(name='WindowView#4')
TRANSLATING layout
WindowChange(WindowView(name='WindowView#1')) >>> ScrollView(name='ScrollView#1')
WindowChange(WindowView(name='WindowView#2')) >>> ScrollView(name='ScrollView#2')
WindowChange(WindowView(name='WindowView#3')) >>> ScrollView(name='ScrollView#3')
WindowChange(WindowView(name='WindowView#4')) >>> ScrollView(name='ScrollView#4')
WindowChange(WindowView(name='WindowView#1')) >>> ScrollView(name='ScrollView#1')
WindowChange(WindowView(name='WindowView#3')) >>> ScrollView(name='ScrollView#3')
WindowChange(WindowView(name='WindowView#3')) >>> ScrollView(name='ScrollView#3')
WindowChange(WindowView(name='WindowView#3')) >>> ScrollView(name='ScrollView#3')
Enter() >>> ScrollBar(virtual_size=43, window_size=20, position=0)
Leave() >>> ScrollBar(virtual_size=43, window_size=20, position=0)
Enter() >>> ScrollBar(virtual_size=43, window_size=20, position=0)
Leave() >>> ScrollBar(virtual_size=43, window_size=20, position=0)
view.forwarded Key(key='q')
Key(key='q') >>> MyApp(title='Assembler Output')
ACTION MyApp(title='Assembler Output') quit
CLOSED MyApp(title='Assembler Output')
PROCESS END
CLOSED ScrollBar(virtual_size=20, window_size=21, position=0)
CLOSED WindowView(name='WindowView#2')
CLOSED WindowView(name='WindowView#4')
CLOSED DockView(name='DockView#1')
CLOSED Static(name='Static#2')
CLOSED Static(name='Static#4')
CLOSED Static(name='Static#3')
CLOSED ScrollBar(virtual_size=20, window_size=20, position=0)
CLOSED Header('Assembler Output')
